[debug] [2026-04-17T14:52:23.171Z] ----------------------------------------------------------------------
[debug] [2026-04-17T14:52:23.174Z] Command:       /usr/local/share/nvm/versions/node/v24.14.0/bin/node /home/codespace/nvm/current/bin/firebase deploy --only functions
[debug] [2026-04-17T14:52:23.174Z] CLI Version:   15.15.0
[debug] [2026-04-17T14:52:23.174Z] Platform:      linux
[debug] [2026-04-17T14:52:23.174Z] Node Version:  v24.14.0
[debug] [2026-04-17T14:52:23.175Z] Time:          Fri Apr 17 2026 14:52:23 GMT+0000 (Coordinated Universal Time)
[debug] [2026-04-17T14:52:23.175Z] ----------------------------------------------------------------------
[debug] 
[debug] [2026-04-17T14:52:24.240Z] > command requires scopes: ["email","openid","https://www.googleapis.com/auth/cloudplatformprojects.readonly","https://www.googleapis.com/auth/firebase","https://www.googleapis.com/auth/cloud-platform"]
[debug] [2026-04-17T14:52:24.240Z] > authorizing via signed-in user (bakayise.developers@gmail.com)
[debug] [2026-04-17T14:52:24.240Z] [iam] checking project claxi-bakayise for permissions ["cloudfunctions.functions.create","cloudfunctions.functions.delete","cloudfunctions.functions.get","cloudfunctions.functions.list","cloudfunctions.functions.update","cloudfunctions.operations.get","firebase.projects.get"]
[debug] [2026-04-17T14:52:24.241Z] Checked if tokens are valid: true, expires at: 1776438829253
[debug] [2026-04-17T14:52:24.241Z] Checked if tokens are valid: true, expires at: 1776438829253
[debug] [2026-04-17T14:52:24.242Z] >>> [apiv2][query] POST https://cloudresourcemanager.googleapis.com/v1/projects/claxi-bakayise:testIamPermissions [none]
[debug] [2026-04-17T14:52:24.242Z] >>> [apiv2][(partial)header] POST https://cloudresourcemanager.googleapis.com/v1/projects/claxi-bakayise:testIamPermissions  x-goog-user-project=claxi-bakayise
[debug] [2026-04-17T14:52:24.242Z] >>> [apiv2][body] POST https://cloudresourcemanager.googleapis.com/v1/projects/claxi-bakayise:testIamPermissions {"permissions":["cloudfunctions.functions.create","cloudfunctions.functions.delete","cloudfunctions.functions.get","cloudfunctions.functions.list","cloudfunctions.functions.update","cloudfunctions.operations.get","firebase.projects.get"]}
[debug] [2026-04-17T14:52:24.872Z] <<< [apiv2][status] POST https://cloudresourcemanager.googleapis.com/v1/projects/claxi-bakayise:testIamPermissions 200
[debug] [2026-04-17T14:52:24.873Z] <<< [apiv2][body] POST https://cloudresourcemanager.googleapis.com/v1/projects/claxi-bakayise:testIamPermissions {"permissions":["cloudfunctions.functions.create","cloudfunctions.functions.delete","cloudfunctions.functions.get","cloudfunctions.functions.list","cloudfunctions.functions.update","cloudfunctions.operations.get","firebase.projects.get"]}
[debug] [2026-04-17T14:52:24.873Z] Checked if tokens are valid: true, expires at: 1776438829253
[debug] [2026-04-17T14:52:24.873Z] Checked if tokens are valid: true, expires at: 1776438829253
[debug] [2026-04-17T14:52:24.873Z] >>> [apiv2][query] POST https://iam.googleapis.com/v1/projects/claxi-bakayise/serviceAccounts/claxi-bakayise@appspot.gserviceaccount.com:testIamPermissions [none]
[debug] [2026-04-17T14:52:24.873Z] >>> [apiv2][body] POST https://iam.googleapis.com/v1/projects/claxi-bakayise/serviceAccounts/claxi-bakayise@appspot.gserviceaccount.com:testIamPermissions {"permissions":["iam.serviceAccounts.actAs"]}
[debug] [2026-04-17T14:52:25.529Z] <<< [apiv2][status] POST https://iam.googleapis.com/v1/projects/claxi-bakayise/serviceAccounts/claxi-bakayise@appspot.gserviceaccount.com:testIamPermissions 404
[debug] [2026-04-17T14:52:25.529Z] <<< [apiv2][body] POST https://iam.googleapis.com/v1/projects/claxi-bakayise/serviceAccounts/claxi-bakayise@appspot.gserviceaccount.com:testIamPermissions {"error":{"code":404,"message":"Unknown service account","status":"NOT_FOUND"}}
[debug] [2026-04-17T14:52:25.530Z] [functions] service account IAM check errored, deploy may fail: Request to https://iam.googleapis.com/v1/projects/claxi-bakayise/serviceAccounts/claxi-bakayise@appspot.gserviceaccount.com:testIamPermissions had HTTP Error: 404, Unknown service account {"name":"FirebaseError","children":[],"context":{"body":{"error":{"code":404,"message":"Unknown service account","status":"NOT_FOUND"}},"response":{"statusCode":404}},"exit":1,"message":"Request to https://iam.googleapis.com/v1/projects/claxi-bakayise/serviceAccounts/claxi-bakayise@appspot.gserviceaccount.com:testIamPermissions had HTTP Error: 404, Unknown service account","status":404}
[info] 
[info] === Deploying to 'claxi-bakayise'...
[info] 
[info] i  deploying functions 
[debug] [2026-04-17T14:52:25.532Z] Checked if tokens are valid: true, expires at: 1776438829253
[debug] [2026-04-17T14:52:25.532Z] Checked if tokens are valid: true, expires at: 1776438829253
[debug] [2026-04-17T14:52:25.533Z] >>> [apiv2][query] GET https://cloudresourcemanager.googleapis.com/v1/projects/claxi-bakayise [none]
[debug] [2026-04-17T14:52:25.678Z] <<< [apiv2][status] GET https://cloudresourcemanager.googleapis.com/v1/projects/claxi-bakayise 200
[debug] [2026-04-17T14:52:25.678Z] <<< [apiv2][body] GET https://cloudresourcemanager.googleapis.com/v1/projects/claxi-bakayise {"projectNumber":"1061720623518","projectId":"claxi-bakayise","lifecycleState":"ACTIVE","name":"Claxi","labels":{"firebase":"enabled","firebase-core":"disabled"},"createTime":"2026-03-29T05:09:51.408Z"}
[info] i  functions: preparing codebase default for deployment 
[info] i  functions: ensuring required API cloudfunctions.googleapis.com is enabled... 
[info] i  functions: ensuring required API cloudbuild.googleapis.com is enabled... 
[info] i  artifactregistry: ensuring required API artifactregistry.googleapis.com is enabled... 
[debug] [2026-04-17T14:52:25.680Z] Checked if tokens are valid: true, expires at: 1776438829253
[debug] [2026-04-17T14:52:25.680Z] Checked if tokens are valid: true, expires at: 1776438829253
[debug] [2026-04-17T14:52:25.680Z] >>> [apiv2][query] GET https://firebase.googleapis.com/v1beta1/projects/claxi-bakayise/adminSdkConfig [none]
[debug] [2026-04-17T14:52:25.982Z] <<< [apiv2][status] GET https://firebase.googleapis.com/v1beta1/projects/claxi-bakayise/adminSdkConfig 200
[debug] [2026-04-17T14:52:25.983Z] <<< [apiv2][body] GET https://firebase.googleapis.com/v1beta1/projects/claxi-bakayise/adminSdkConfig {"projectId":"claxi-bakayise","storageBucket":"claxi-bakayise.firebasestorage.app"}
[debug] [2026-04-17T14:52:25.983Z] Checked if tokens are valid: true, expires at: 1776438829253
[debug] [2026-04-17T14:52:25.984Z] Checked if tokens are valid: true, expires at: 1776438829253
[debug] [2026-04-17T14:52:25.984Z] >>> [apiv2][query] GET https://runtimeconfig.googleapis.com/v1beta1/projects/claxi-bakayise/configs [none]
[debug] [2026-04-17T14:52:26.178Z] <<< [apiv2][status] GET https://runtimeconfig.googleapis.com/v1beta1/projects/claxi-bakayise/configs 200
[debug] [2026-04-17T14:52:26.178Z] <<< [apiv2][body] GET https://runtimeconfig.googleapis.com/v1beta1/projects/claxi-bakayise/configs {}
[debug] [2026-04-17T14:52:26.180Z] Validating nodejs source
[warn] ⚠  functions: Runtime Node.js 20 will be deprecated on 2026-04-30 and will be decommissioned on 2026-10-30, after which you will not be able to deploy without upgrading. Consider upgrading now to avoid disruption. See https://cloud.google.com/functions/docs/runtime-support for full details on the lifecycle policy 
[warn] ⚠  functions: Couldn't find firebase-functions package in your source code. Have you run 'npm install'? 
[debug] [2026-04-17T14:52:26.181Z] getFunctionsSDKVersion encountered error: Cannot find module 'firebase-functions'
Require stack:
- /usr/local/share/nvm/versions/node/v24.14.0/lib/node_modules/firebase-tools/lib/deploy/functions/runtimes/node/versioning.js
- /usr/local/share/nvm/versions/node/v24.14.0/lib/node_modules/firebase-tools/lib/deploy/functions/runtimes/node/index.js
- /usr/local/share/nvm/versions/node/v24.14.0/lib/node_modules/firebase-tools/lib/deploy/functions/runtimes/index.js
- /usr/local/share/nvm/versions/node/v24.14.0/lib/node_modules/firebase-tools/lib/deploy/functions/prepare.js
- /usr/local/share/nvm/versions/node/v24.14.0/lib/node_modules/firebase-tools/lib/emulator/functionsEmulatorShared.js
- /usr/local/share/nvm/versions/node/v24.14.0/lib/node_modules/firebase-tools/lib/frameworks/index.js
- /usr/local/share/nvm/versions/node/v24.14.0/lib/node_modules/firebase-tools/lib/deploy/hosting/prepare.js
- /usr/local/share/nvm/versions/node/v24.14.0/lib/node_modules/firebase-tools/lib/deploy/hosting/index.js
- /usr/local/share/nvm/versions/node/v24.14.0/lib/node_modules/firebase-tools/lib/deploy/index.js
- /usr/local/share/nvm/versions/node/v24.14.0/lib/node_modules/firebase-tools/lib/commands/deploy.js
- /usr/local/share/nvm/versions/node/v24.14.0/lib/node_modules/firebase-tools/lib/commands/index.js
- /usr/local/share/nvm/versions/node/v24.14.0/lib/node_modules/firebase-tools/lib/index.js
- /usr/local/share/nvm/versions/node/v24.14.0/lib/node_modules/firebase-tools/lib/bin/cli.js
- /usr/local/share/nvm/versions/node/v24.14.0/lib/node_modules/firebase-tools/lib/bin/firebase.js {"code":"MODULE_NOT_FOUND","requireStack":["/usr/local/share/nvm/versions/node/v24.14.0/lib/node_modules/firebase-tools/lib/deploy/functions/runtimes/node/versioning.js","/usr/local/share/nvm/versions/node/v24.14.0/lib/node_modules/firebase-tools/lib/deploy/functions/runtimes/node/index.js","/usr/local/share/nvm/versions/node/v24.14.0/lib/node_modules/firebase-tools/lib/deploy/functions/runtimes/index.js","/usr/local/share/nvm/versions/node/v24.14.0/lib/node_modules/firebase-tools/lib/deploy/functions/prepare.js","/usr/local/share/nvm/versions/node/v24.14.0/lib/node_modules/firebase-tools/lib/emulator/functionsEmulatorShared.js","/usr/local/share/nvm/versions/node/v24.14.0/lib/node_modules/firebase-tools/lib/frameworks/index.js","/usr/local/share/nvm/versions/node/v24.14.0/lib/node_modules/firebase-tools/lib/deploy/hosting/prepare.js","/usr/local/share/nvm/versions/node/v24.14.0/lib/node_modules/firebase-tools/lib/deploy/hosting/index.js","/usr/local/share/nvm/versions/node/v24.14.0/lib/node_modules/firebase-tools/lib/deploy/index.js","/usr/local/share/nvm/versions/node/v24.14.0/lib/node_modules/firebase-tools/lib/commands/deploy.js","/usr/local/share/nvm/versions/node/v24.14.0/lib/node_modules/firebase-tools/lib/commands/index.js","/usr/local/share/nvm/versions/node/v24.14.0/lib/node_modules/firebase-tools/lib/index.js","/usr/local/share/nvm/versions/node/v24.14.0/lib/node_modules/firebase-tools/lib/bin/cli.js","/usr/local/share/nvm/versions/node/v24.14.0/lib/node_modules/firebase-tools/lib/bin/firebase.js"]}
[debug] [2026-04-17T14:52:26.182Z] checkFunctionsSDKVersion encountered error: Invalid Version:  {}
[debug] [2026-04-17T14:52:26.182Z] > [functions] package.json contents: {
  "name": "claxi-functions",
  "private": true,
  "main": "index.js",
  "type": "commonjs",
  "scripts": {
    "test": "node --test"
  },
  "engines": {
    "node": "20"
  },
  "dependencies": {
    "firebase-admin": "^12.1.1",
    "firebase-functions": "^5.1.0",
    "resend": "^4.1.2"
  }
}
[debug] [2026-04-17T14:52:26.182Z] Building nodejs source
[info] i  functions: Loading and analyzing source code for codebase default to determine what to deploy 
[debug] [2026-04-17T14:52:26.182Z] Could not parse firebase-functions version '' into semver.
[debug] [2026-04-17T14:52:26.183Z] Could not find functions.yaml. Must use http discovery
[debug] [2026-04-17T14:52:26.223Z] Error: Cannot find module 'firebase-functions'
Require stack:
- /usr/local/share/nvm/versions/node/v24.14.0/lib/node_modules/firebase-tools/lib/deploy/functions/runtimes/node/index.js
- /usr/local/share/nvm/versions/node/v24.14.0/lib/node_modules/firebase-tools/lib/deploy/functions/runtimes/index.js
- /usr/local/share/nvm/versions/node/v24.14.0/lib/node_modules/firebase-tools/lib/deploy/functions/prepare.js
- /usr/local/share/nvm/versions/node/v24.14.0/lib/node_modules/firebase-tools/lib/emulator/functionsEmulatorShared.js
- /usr/local/share/nvm/versions/node/v24.14.0/lib/node_modules/firebase-tools/lib/frameworks/index.js
- /usr/local/share/nvm/versions/node/v24.14.0/lib/node_modules/firebase-tools/lib/deploy/hosting/prepare.js
- /usr/local/share/nvm/versions/node/v24.14.0/lib/node_modules/firebase-tools/lib/deploy/hosting/index.js
- /usr/local/share/nvm/versions/node/v24.14.0/lib/node_modules/firebase-tools/lib/deploy/index.js
- /usr/local/share/nvm/versions/node/v24.14.0/lib/node_modules/firebase-tools/lib/commands/deploy.js
- /usr/local/share/nvm/versions/node/v24.14.0/lib/node_modules/firebase-tools/lib/commands/index.js
- /usr/local/share/nvm/versions/node/v24.14.0/lib/node_modules/firebase-tools/lib/index.js
- /usr/local/share/nvm/versions/node/v24.14.0/lib/node_modules/firebase-tools/lib/bin/cli.js
- /usr/local/share/nvm/versions/node/v24.14.0/lib/node_modules/firebase-tools/lib/bin/firebase.js
    at Module._resolveFilename (node:internal/modules/cjs/loader:1456:15)
    at require.resolve (node:internal/modules/helpers:163:19)
    at Delegate.findFunctionsBinary (/usr/local/share/nvm/versions/node/v24.14.0/lib/node_modules/firebase-tools/lib/deploy/functions/runtimes/node/index.js:101:33)
    at Delegate.spawnFunctionsProcess (/usr/local/share/nvm/versions/node/v24.14.0/lib/node_modules/firebase-tools/lib/deploy/functions/runtimes/node/index.js:131:30)
    at Delegate.serveAdmin (/usr/local/share/nvm/versions/node/v24.14.0/lib/node_modules/firebase-tools/lib/deploy/functions/runtimes/node/index.js:152:35)
    at Delegate.discoverBuild (/usr/local/share/nvm/versions/node/v24.14.0/lib/node_modules/firebase-tools/lib/deploy/functions/runtimes/node/index.js:192:41)
    at process.processTicksAndRejections (node:internal/process/task_queues:104:5)
    at async loadCodebases (/usr/local/share/nvm/versions/node/v24.14.0/lib/node_modules/firebase-tools/lib/deploy/functions/prepare.js:380:33)
    at async prepare (/usr/local/share/nvm/versions/node/v24.14.0/lib/node_modules/firebase-tools/lib/deploy/functions/prepare.js:73:24)
    at async chain (/usr/local/share/nvm/versions/node/v24.14.0/lib/node_modules/firebase-tools/lib/deploy/index.js:45:9)
[error] 
[error] Error: An unexpected error has occurred.
